<?xml version="1.0" encoding="UTF-8"?>
<!-- Generated by org.testng.reporters.JUnitReportReporter -->
<testsuite skipped="0" hostname="jackie-PC" name="dudu.jingjing.NewTest1" tests="1" failures="0" timestamp="03 八月 2017 03:08:16 GMT" time="0.007" errors="0">
  <testcase name="f" time="0.007" classname="dudu.jingjing.NewTest1"/>
</testsuite> <!-- dudu.jingjing.NewTest1 -->
