<?xml version="1.0" encoding="UTF-8"?>
<!-- Generated by org.testng.reporters.JUnitReportReporter -->
<testsuite skipped="1" hostname="jackie-PC" name="dudu.jingjing.DataProviderCSV" tests="1" failures="0" timestamp="03 八月 2017 02:49:40 GMT" time="0.000" errors="0">
  <testcase name="testDtaa" time="0.000" classname="dudu.jingjing.DataProviderCSV">
    <skipped/>
  </testcase> <!-- testDtaa -->
</testsuite> <!-- dudu.jingjing.DataProviderCSV -->
