<?xml version="1.0" encoding="UTF-8"?>
<!-- Generated by org.testng.reporters.JUnitReportReporter -->
<testsuite skipped="0" hostname="jackie-PC" name="dudu.jingjing.TestDataByCSVFile" tests="2" failures="0" timestamp="03 八月 2017 03:16:37 GMT" time="19.139" errors="0">
  <testcase name="testSearch" time="11.738" classname="dudu.jingjing.TestDataByCSVFile"/>
  <testcase name="testSearch" time="7.401" classname="dudu.jingjing.TestDataByCSVFile"/>
</testsuite> <!-- dudu.jingjing.TestDataByCSVFile -->
