<?xml version="1.0" encoding="UTF-8"?>
<!-- Generated by org.testng.reporters.JUnitReportReporter -->
<testsuite skipped="0" hostname="jackie-PC" name="dudu.jingjing.DataProviderDemo" tests="3" failures="0" timestamp="03 八月 2017 03:00:04 GMT" time="26.514" errors="0">
  <testcase name="testSearch" time="8.584" classname="dudu.jingjing.DataProviderDemo"/>
  <testcase name="testSearch" time="8.744" classname="dudu.jingjing.DataProviderDemo"/>
  <testcase name="testSearch" time="9.186" classname="dudu.jingjing.DataProviderDemo"/>
</testsuite> <!-- dudu.jingjing.DataProviderDemo -->
