<?xml version="1.0" encoding="UTF-8"?>
<!-- Generated by org.testng.reporters.JUnitReportReporter -->
<testsuite skipped="0" hostname="jackie-PC" name="dudu.jingjing.NewTest" tests="3" failures="0" timestamp="03 八月 2017 01:46:50 GMT" time="0.004" errors="0">
  <testcase name="p" time="0.001" classname="dudu.jingjing.NewTest"/>
  <testcase name="k" time="0.000" classname="dudu.jingjing.NewTest"/>
  <testcase name="h" time="0.003" classname="dudu.jingjing.NewTest"/>
</testsuite> <!-- dudu.jingjing.NewTest -->
